-------------------------------------------------------------------------------
Test set: com.rpla.AppTest
-------------------------------------------------------------------------------
Tests run: 2, Failures: 1, Errors: 0, Skipped: 0, Time elapsed: 0.082 s <<< FAILURE! -- in com.rpla.AppTest
com.rpla.AppTest.testRandomNumberIsFive -- Time elapsed: 0.009 s <<< FAILURE!
org.opentest4j.AssertionFailedError: Nilai acak yang dihasilkan harus 5 ==> expected: <5> but was: <3>
	at org.junit.jupiter.api.AssertionFailureBuilder.build(AssertionFailureBuilder.java:151)
	at org.junit.jupiter.api.AssertionFailureBuilder.buildAndThrow(AssertionFailureBuilder.java:132)
	at org.junit.jupiter.api.AssertEquals.failNotEqual(AssertEquals.java:197)
	at org.junit.jupiter.api.AssertEquals.assertEquals(AssertEquals.java:150)
	at org.junit.jupiter.api.Assertions.assertEquals(Assertions.java:563)
	at com.rpla.AppTest.testRandomNumberIsFive(AppTest.java:24)
	at java.base/java.lang.reflect.Method.invoke(Method.java:569)
	at java.base/java.util.ArrayList.forEach(ArrayList.java:1511)
	at java.base/java.util.ArrayList.forEach(ArrayList.java:1511)

